[     260ms] [INFO] %cDownload the React DevTools for a better development experience: https://react.dev/link/react-devtools font-weight:bold @ http://localhost:3000/_next/static/chunks/node_modules_next_dist_115brz8._.js:2431
[     273ms] [LOG] [HMR] connected @ http://localhost:3000/_next/static/chunks/node_modules_next_dist_115brz8._.js:2431
[     477ms] [LOG] [Fast Refresh] rebuilding @ http://localhost:3000/_next/static/chunks/node_modules_next_dist_115brz8._.js:2431
[     477ms] [LOG] [Fast Refresh] done in 188ms @ http://localhost:3000/_next/static/chunks/node_modules_next_dist_115brz8._.js:2431
[    1187ms] [WARNING] Image with src "/img/operation.png" was detected as the Largest Contentful Paint (LCP). Please add the `loading="eager"` property if this image is above the fold.
Read more: https://nextjs.org/docs/app/api-reference/components/image#loading @ http://localhost:3000/_next/static/chunks/node_modules_next_dist_115brz8._.js:2431
[    1351ms] [LOG] [Fast Refresh] rebuilding @ http://localhost:3000/_next/static/chunks/node_modules_next_dist_115brz8._.js:2431
[    1485ms] [LOG] [Fast Refresh] done in 236ms @ http://localhost:3000/_next/static/chunks/node_modules_next_dist_115brz8._.js:2431
[   20100ms] [ERROR] WebSocket connection to 'ws://localhost:3000/_next/webpack-hmr?id=puN_Y47jhRSWr1fQ8SX87' failed:  @ http://localhost:3000/_next/static/chunks/node_modules_next_dist_client_0fhqo1d._.js:13299
[   21104ms] [ERROR] WebSocket connection to 'ws://localhost:3000/_next/webpack-hmr?id=puN_Y47jhRSWr1fQ8SX87' failed: Error in connection establishment: net::ERR_CONNECTION_REFUSED @ http://localhost:3000/_next/static/chunks/node_modules_next_dist_client_0fhqo1d._.js:13299
[   22107ms] [ERROR] WebSocket connection to 'ws://localhost:3000/_next/webpack-hmr?id=puN_Y47jhRSWr1fQ8SX87' failed: Error in connection establishment: net::ERR_CONNECTION_REFUSED @ http://localhost:3000/_next/static/chunks/node_modules_next_dist_client_0fhqo1d._.js:13299
[   23108ms] [ERROR] WebSocket connection to 'ws://localhost:3000/_next/webpack-hmr?id=puN_Y47jhRSWr1fQ8SX87' failed: Error in connection establishment: net::ERR_CONNECTION_REFUSED @ http://localhost:3000/_next/static/chunks/node_modules_next_dist_client_0fhqo1d._.js:13299
[   24111ms] [ERROR] WebSocket connection to 'ws://localhost:3000/_next/webpack-hmr?id=puN_Y47jhRSWr1fQ8SX87' failed: Error in connection establishment: net::ERR_CONNECTION_REFUSED @ http://localhost:3000/_next/static/chunks/node_modules_next_dist_client_0fhqo1d._.js:13299
[   25115ms] [ERROR] WebSocket connection to 'ws://localhost:3000/_next/webpack-hmr?id=puN_Y47jhRSWr1fQ8SX87' failed: Error in connection establishment: net::ERR_CONNECTION_REFUSED @ http://localhost:3000/_next/static/chunks/node_modules_next_dist_client_0fhqo1d._.js:13299
[   30125ms] [ERROR] WebSocket connection to 'ws://localhost:3000/_next/webpack-hmr?id=puN_Y47jhRSWr1fQ8SX87' failed: Error in connection establishment: net::ERR_CONNECTION_REFUSED @ http://localhost:3000/_next/static/chunks/node_modules_next_dist_client_0fhqo1d._.js:13299
[   35136ms] [ERROR] WebSocket connection to 'ws://localhost:3000/_next/webpack-hmr?id=puN_Y47jhRSWr1fQ8SX87' failed: Error in connection establishment: net::ERR_CONNECTION_REFUSED @ http://localhost:3000/_next/static/chunks/node_modules_next_dist_client_0fhqo1d._.js:13299
[   40152ms] [ERROR] WebSocket connection to 'ws://localhost:3000/_next/webpack-hmr?id=puN_Y47jhRSWr1fQ8SX87' failed: Error in connection establishment: net::ERR_CONNECTION_REFUSED @ http://localhost:3000/_next/static/chunks/node_modules_next_dist_client_0fhqo1d._.js:13299
[   45191ms] [ERROR] WebSocket connection to 'ws://localhost:3000/_next/webpack-hmr?id=puN_Y47jhRSWr1fQ8SX87' failed: Error in connection establishment: net::ERR_CONNECTION_REFUSED @ http://localhost:3000/_next/static/chunks/node_modules_next_dist_client_0fhqo1d._.js:13299
[   50217ms] [ERROR] WebSocket connection to 'ws://localhost:3000/_next/webpack-hmr?id=puN_Y47jhRSWr1fQ8SX87' failed: Error in connection establishment: net::ERR_CONNECTION_REFUSED @ http://localhost:3000/_next/static/chunks/node_modules_next_dist_client_0fhqo1d._.js:13299
[   55338ms] [ERROR] WebSocket connection to 'ws://localhost:3000/_next/webpack-hmr?id=puN_Y47jhRSWr1fQ8SX87' failed: Error in connection establishment: net::ERR_CONNECTION_REFUSED @ http://localhost:3000/_next/static/chunks/node_modules_next_dist_client_0fhqo1d._.js:13299
[   60468ms] [ERROR] WebSocket connection to 'ws://localhost:3000/_next/webpack-hmr?id=puN_Y47jhRSWr1fQ8SX87' failed: Error in connection establishment: net::ERR_CONNECTION_REFUSED @ http://localhost:3000/_next/static/chunks/node_modules_next_dist_client_0fhqo1d._.js:13299
